<?xml version="1.0" encoding="UTF-8"?>
<!-- Generated by org.testng.reporters.JUnitReportReporter -->
<testsuite hostname="DESKTOP-IJ7D6FP" failures="0" tests="1" name="Mobile.BasicGestures.LongPress" time="19.365" errors="0" timestamp="2025-04-08T11:34:00 IST" skipped="0">
  <testcase classname="Mobile.BasicGestures.LongPress" name="LongPressGesture" time="19.365"/>
  <system-out/>
</testsuite> <!-- Mobile.BasicGestures.LongPress -->
